

times in msec
 clock   self+sourced   self:  sourced script
 clock   elapsed:              other lines

000.019  000.019: --- NVIM STARTING ---
010.243  010.224: locale set
010.819  000.576: inits 1
010.873  000.053: window checked
013.690  002.817: parsing arguments
013.756  000.066: expanding arguments
013.793  000.037: inits 2
016.070  002.278: init highlight
016.074  000.004: waiting for UI
016.977  000.902: done waiting for UI
016.991  000.014: init screen for UI
017.017  000.027: init default mappings
017.185  000.168: init default autocommands
026.667  008.220  008.220: sourcing C:\tools\neovim\Neovim\share\nvim\runtime\filetype.vim
026.965  000.076  000.076: sourcing C:\tools\neovim\Neovim\share\nvim\runtime\ftplugin.vim
027.470  000.119  000.119: sourcing C:\tools\neovim\Neovim\share\nvim\runtime\syntax\synload.vim
027.663  000.547  000.428: sourcing C:\tools\neovim\Neovim\share\nvim\runtime\syntax\syntax.vim
029.509  001.661  001.661: sourcing C:\Users\Adrian\AppData\Local\nvim-data\site\autoload\plug.vim
036.719  000.779  000.779: sourcing C:\tools\neovim\Neovim\share\nvim\runtime\ftoff.vim
048.002  008.503  008.503: sourcing C:\tools\neovim\Neovim\share\nvim\runtime\filetype.vim
048.450  000.042  000.042: sourcing C:\tools\neovim\Neovim\share\nvim\runtime\ftplugin.vim
048.921  000.072  000.072: sourcing C:\tools\neovim\Neovim\share\nvim\runtime\indent.vim
058.452  008.750  008.750: sourcing C:\Users\Adrian\.vim\plugged\sonokai\autoload\sonokai.vim
073.347  023.993  015.243: sourcing C:\Users\Adrian\.vim\plugged\sonokai\colors\sonokai.vim
099.373  081.950  038.056: sourcing C:\Users\Adrian\AppData\Local\nvim\init.vim
099.413  000.278: sourcing vimrc file(s)
100.278  000.154  000.154: sourcing C:\Users\Adrian\.vim\plugged\nvim-lspconfig\plugin\lspconfig.vim
100.953  000.059  000.059: sourcing C:\Users\Adrian\.vim\plugged\rust-tools.nvim\plugin\rust-tools.vim
101.381  000.107  000.107: sourcing C:\Users\Adrian\.vim\plugged\plenary.nvim\plugin\plenary.vim
102.407  000.705  000.705: sourcing C:\Users\Adrian\.vim\plugged\fzf\plugin\fzf.vim
103.477  000.157  000.157: sourcing C:\Users\Adrian\.vim\plugged\vim-airline\autoload\airline\init.vim
104.224  000.116  000.116: sourcing C:\Users\Adrian\.vim\plugged\vim-airline\autoload\airline\parts.vim
104.871  000.056  000.056: sourcing C:\Users\Adrian\.vim\plugged\vim-airline\autoload\airline\formatter\short_path.vim
107.152  000.205  000.205: sourcing C:\Users\Adrian\.vim\plugged\vim-airline\autoload\airline\util.vim
107.244  004.498  003.965: sourcing C:\Users\Adrian\.vim\plugged\vim-airline\plugin\airline.vim
109.197  000.348  000.348: sourcing C:\tools\neovim\Neovim\share\nvim\runtime\plugin\gzip.vim
109.369  000.051  000.051: sourcing C:\tools\neovim\Neovim\share\nvim\runtime\plugin\health.vim
109.597  000.115  000.115: sourcing C:\tools\neovim\Neovim\share\nvim\runtime\plugin\man.vim
111.535  000.407  000.407: sourcing C:\tools\neovim\Neovim\share\nvim\runtime\pack\dist\opt\matchit\plugin\matchit.vim
111.820  002.108  001.701: sourcing C:\tools\neovim\Neovim\share\nvim\runtime\plugin\matchit.vim
112.165  000.222  000.222: sourcing C:\tools\neovim\Neovim\share\nvim\runtime\plugin\matchparen.vim
112.888  000.602  000.602: sourcing C:\tools\neovim\Neovim\share\nvim\runtime\plugin\netrwPlugin.vim
113.478  000.445  000.445: sourcing C:\tools\neovim\Neovim\share\nvim\runtime\plugin\rplugin.vim
113.743  000.134  000.134: sourcing C:\tools\neovim\Neovim\share\nvim\runtime\plugin\shada.vim
113.941  000.068  000.068: sourcing C:\tools\neovim\Neovim\share\nvim\runtime\plugin\spellfile.vim
114.265  000.202  000.202: sourcing C:\tools\neovim\Neovim\share\nvim\runtime\plugin\tarPlugin.vim
114.562  000.166  000.166: sourcing C:\tools\neovim\Neovim\share\nvim\runtime\plugin\tohtml.vim
114.754  000.068  000.068: sourcing C:\tools\neovim\Neovim\share\nvim\runtime\plugin\tutor.vim
115.096  000.220  000.220: sourcing C:\tools\neovim\Neovim\share\nvim\runtime\plugin\zipPlugin.vim
117.969  002.297  002.297: sourcing C:\Users\Adrian\.vim\plugged\nvim-cmp\plugin\cmp.lua
119.346  007.365: loading rtp plugins
119.710  000.364: loading packages
120.546  000.358  000.358: sourcing C:\Users\Adrian\.vim\plugged\cmp-vsnip\after\plugin\cmp_vsnip.vim
121.706  000.526  000.526: sourcing C:\Users\Adrian\.vim\plugged\cmp-nvim-lsp\after\plugin\cmp_nvim_lsp.lua
122.662  000.468  000.468: sourcing C:\Users\Adrian\.vim\plugged\cmp-path\after\plugin\cmp_path.lua
124.064  001.046  001.046: sourcing C:\Users\Adrian\.vim\plugged\cmp-buffer\after\plugin\cmp_buffer.lua
124.079  001.970: loading after plugins
124.112  000.034: inits 3
125.938  001.826: reading ShaDa
127.729  000.087  000.087: sourcing C:\Users\Adrian\.vim\plugged\rust-tools.nvim\ftplugin\rust.vim
128.652  000.372  000.372: sourcing C:\tools\neovim\Neovim\share\nvim\runtime\ftplugin\rust.vim
131.750  000.580  000.580: sourcing C:\tools\neovim\Neovim\share\nvim\runtime\syntax\rust.vim
133.317  000.182  000.182: sourcing C:\tools\neovim\Neovim\share\nvim\runtime\indent\rust.vim
307.036  000.523  000.523: sourcing C:\Users\Adrian\.vim\plugged\vim-airline\autoload\airline\extensions.vim
307.661  000.217  000.217: sourcing C:\Users\Adrian\.vim\plugged\vim-airline\autoload\airline\extensions\tabline.vim
308.212  000.110  000.110: sourcing C:\Users\Adrian\.vim\plugged\vim-airline\autoload\airline\extensions\tabline\autoshow.vim
308.825  000.138  000.138: sourcing C:\Users\Adrian\.vim\plugged\vim-airline\autoload\airline\extensions\tabline\tabs.vim
309.440  000.214  000.214: sourcing C:\Users\Adrian\.vim\plugged\vim-airline\autoload\airline\extensions\tabline\buffers.vim
310.032  000.109  000.109: sourcing C:\Users\Adrian\.vim\plugged\vim-airline\autoload\airline\section.vim
310.741  000.285  000.285: sourcing C:\Users\Adrian\.vim\plugged\vim-airline\autoload\airline\highlighter.vim
313.729  000.224  000.224: sourcing C:\Users\Adrian\.vim\plugged\vim-airline\autoload\airline.vim
315.738  000.104  000.104: sourcing C:\Users\Adrian\.vim\plugged\vim-airline\autoload\airline\themes.vim
316.552  001.692  001.588: sourcing C:\Users\Adrian\.vim\plugged\sonokai\autoload\airline\themes\sonokai.vim
338.602  000.201  000.201: sourcing C:\Users\Adrian\.vim\plugged\vim-airline\autoload\airline\builder.vim
339.258  000.135  000.135: sourcing C:\Users\Adrian\.vim\plugged\vim-airline\autoload\airline\extensions\default.vim
383.244  252.235: opening buffers
383.284  000.040: BufEnter autocommands
383.288  000.004: editing files in windows
545.878  162.590: VimEnter autocommands
545.886  000.008: UIEnter autocommands
545.891  000.005: before starting main loop
546.618  000.167  000.167: sourcing C:\Users\Adrian\.vim\plugged\vim-airline\autoload\airline\extensions\tabline\ctrlspace.vim
547.138  000.149  000.149: sourcing C:\Users\Adrian\.vim\plugged\vim-airline\autoload\airline\extensions\tabline\tabws.vim
547.949  000.204  000.204: sourcing C:\Users\Adrian\.vim\plugged\vim-airline\autoload\airline\extensions\tabline\builder.vim
548.510  000.109  000.109: sourcing C:\Users\Adrian\.vim\plugged\vim-airline\autoload\airline\extensions\tabline\buflist.vim
551.331  000.090  000.090: sourcing C:\Users\Adrian\.vim\plugged\vim-airline\autoload\airline\extensions\tabline\formatters\unique_tail.vim
551.830  000.095  000.095: sourcing C:\Users\Adrian\.vim\plugged\vim-airline\autoload\airline\extensions\tabline\formatters\default.vim
555.424  008.718: first screen update
555.429  000.005: --- NVIM STARTED ---


times in msec
 clock   self+sourced   self:  sourced script
 clock   elapsed:              other lines

000.022  000.022: --- NVIM STARTING ---
010.143  010.121: locale set
010.715  000.572: inits 1
010.769  000.054: window checked
013.588  002.819: parsing arguments
013.654  000.066: expanding arguments
013.691  000.037: inits 2
015.955  002.264: init highlight
015.959  000.004: waiting for UI
016.873  000.914: done waiting for UI
016.887  000.014: init screen for UI
016.912  000.026: init default mappings
017.078  000.165: init default autocommands
026.534  008.195  008.195: sourcing C:\tools\neovim\Neovim\share\nvim\runtime\filetype.vim
026.830  000.075  000.075: sourcing C:\tools\neovim\Neovim\share\nvim\runtime\ftplugin.vim
027.338  000.124  000.124: sourcing C:\tools\neovim\Neovim\share\nvim\runtime\syntax\synload.vim
027.527  000.549  000.424: sourcing C:\tools\neovim\Neovim\share\nvim\runtime\syntax\syntax.vim
029.401  001.688  001.688: sourcing C:\Users\Adrian\AppData\Local\nvim-data\site\autoload\plug.vim
036.450  000.807  000.807: sourcing C:\tools\neovim\Neovim\share\nvim\runtime\ftoff.vim
047.594  008.481  008.481: sourcing C:\tools\neovim\Neovim\share\nvim\runtime\filetype.vim
048.064  000.046  000.046: sourcing C:\tools\neovim\Neovim\share\nvim\runtime\ftplugin.vim
048.535  000.076  000.076: sourcing C:\tools\neovim\Neovim\share\nvim\runtime\indent.vim
058.058  008.759  008.759: sourcing C:\Users\Adrian\.vim\plugged\sonokai\autoload\sonokai.vim
073.217  024.259  015.500: sourcing C:\Users\Adrian\.vim\plugged\sonokai\colors\sonokai.vim
080.302  062.986  018.811: sourcing C:\Users\Adrian\AppData\Local\nvim\init.vim
080.321  000.257: sourcing vimrc file(s)
081.340  000.060  000.060: sourcing C:\Users\Adrian\.vim\plugged\rust-tools.nvim\plugin\rust-tools.vim
081.771  000.108  000.108: sourcing C:\Users\Adrian\.vim\plugged\plenary.nvim\plugin\plenary.vim
082.815  000.722  000.722: sourcing C:\Users\Adrian\.vim\plugged\fzf\plugin\fzf.vim
083.882  000.161  000.161: sourcing C:\Users\Adrian\.vim\plugged\vim-airline\autoload\airline\init.vim
084.621  000.117  000.117: sourcing C:\Users\Adrian\.vim\plugged\vim-airline\autoload\airline\parts.vim
085.243  000.054  000.054: sourcing C:\Users\Adrian\.vim\plugged\vim-airline\autoload\airline\formatter\short_path.vim
087.492  000.197  000.197: sourcing C:\Users\Adrian\.vim\plugged\vim-airline\autoload\airline\util.vim
087.584  004.429  003.900: sourcing C:\Users\Adrian\.vim\plugged\vim-airline\plugin\airline.vim
089.525  000.342  000.342: sourcing C:\tools\neovim\Neovim\share\nvim\runtime\plugin\gzip.vim
089.705  000.053  000.053: sourcing C:\tools\neovim\Neovim\share\nvim\runtime\plugin\health.vim
089.930  000.112  000.112: sourcing C:\tools\neovim\Neovim\share\nvim\runtime\plugin\man.vim
091.820  000.402  000.402: sourcing C:\tools\neovim\Neovim\share\nvim\runtime\pack\dist\opt\matchit\plugin\matchit.vim
092.107  002.061  001.659: sourcing C:\tools\neovim\Neovim\share\nvim\runtime\plugin\matchit.vim
092.454  000.222  000.222: sourcing C:\tools\neovim\Neovim\share\nvim\runtime\plugin\matchparen.vim
093.182  000.604  000.604: sourcing C:\tools\neovim\Neovim\share\nvim\runtime\plugin\netrwPlugin.vim
093.762  000.440  000.440: sourcing C:\tools\neovim\Neovim\share\nvim\runtime\plugin\rplugin.vim
094.023  000.134  000.134: sourcing C:\tools\neovim\Neovim\share\nvim\runtime\plugin\shada.vim
094.221  000.070  000.070: sourcing C:\tools\neovim\Neovim\share\nvim\runtime\plugin\spellfile.vim
094.543  000.197  000.197: sourcing C:\tools\neovim\Neovim\share\nvim\runtime\plugin\tarPlugin.vim
094.836  000.168  000.168: sourcing C:\tools\neovim\Neovim\share\nvim\runtime\plugin\tohtml.vim
095.028  000.068  000.068: sourcing C:\tools\neovim\Neovim\share\nvim\runtime\plugin\tutor.vim
095.352  000.203  000.203: sourcing C:\tools\neovim\Neovim\share\nvim\runtime\plugin\zipPlugin.vim
097.873  002.101  002.101: sourcing C:\Users\Adrian\.vim\plugged\nvim-cmp\plugin\cmp.lua
099.249  006.834: loading rtp plugins
099.528  000.279: loading packages
100.319  000.320  000.320: sourcing C:\Users\Adrian\.vim\plugged\cmp-vsnip\after\plugin\cmp_vsnip.vim
101.472  000.461  000.461: sourcing C:\Users\Adrian\.vim\plugged\cmp-nvim-lsp\after\plugin\cmp_nvim_lsp.lua
102.391  000.432  000.432: sourcing C:\Users\Adrian\.vim\plugged\cmp-path\after\plugin\cmp_path.lua
103.717  000.974  000.974: sourcing C:\Users\Adrian\.vim\plugged\cmp-buffer\after\plugin\cmp_buffer.lua
103.745  002.030: loading after plugins
103.780  000.035: inits 3
105.731  001.950: reading ShaDa
107.526  000.089  000.089: sourcing C:\Users\Adrian\.vim\plugged\rust-tools.nvim\ftplugin\rust.vim
108.446  000.384  000.384: sourcing C:\tools\neovim\Neovim\share\nvim\runtime\ftplugin\rust.vim
111.431  000.580  000.580: sourcing C:\tools\neovim\Neovim\share\nvim\runtime\syntax\rust.vim
112.955  000.187  000.187: sourcing C:\tools\neovim\Neovim\share\nvim\runtime\indent\rust.vim
114.270  000.501  000.501: sourcing C:\Users\Adrian\.vim\plugged\vim-airline\autoload\airline\extensions.vim
114.813  000.205  000.205: sourcing C:\Users\Adrian\.vim\plugged\vim-airline\autoload\airline\extensions\tabline.vim
115.285  000.091  000.091: sourcing C:\Users\Adrian\.vim\plugged\vim-airline\autoload\airline\extensions\tabline\autoshow.vim
115.819  000.132  000.132: sourcing C:\Users\Adrian\.vim\plugged\vim-airline\autoload\airline\extensions\tabline\tabs.vim
116.380  000.212  000.212: sourcing C:\Users\Adrian\.vim\plugged\vim-airline\autoload\airline\extensions\tabline\buffers.vim
116.925  000.119  000.119: sourcing C:\Users\Adrian\.vim\plugged\vim-airline\autoload\airline\section.vim
117.581  000.262  000.262: sourcing C:\Users\Adrian\.vim\plugged\vim-airline\autoload\airline\highlighter.vim
120.498  000.231  000.231: sourcing C:\Users\Adrian\.vim\plugged\vim-airline\autoload\airline.vim
122.373  000.098  000.098: sourcing C:\Users\Adrian\.vim\plugged\vim-airline\autoload\airline\themes.vim
123.186  001.641  001.543: sourcing C:\Users\Adrian\.vim\plugged\sonokai\autoload\airline\themes\sonokai.vim
145.041  000.185  000.185: sourcing C:\Users\Adrian\.vim\plugged\vim-airline\autoload\airline\builder.vim
145.654  000.130  000.130: sourcing C:\Users\Adrian\.vim\plugged\vim-airline\autoload\airline\extensions\default.vim
190.147  079.465: opening buffers
190.190  000.043: BufEnter autocommands
190.194  000.004: editing files in windows
573.096  382.902: VimEnter autocommands
573.104  000.008: UIEnter autocommands
573.108  000.004: before starting main loop
573.879  000.179  000.179: sourcing C:\Users\Adrian\.vim\plugged\vim-airline\autoload\airline\extensions\tabline\ctrlspace.vim
574.398  000.158  000.158: sourcing C:\Users\Adrian\.vim\plugged\vim-airline\autoload\airline\extensions\tabline\tabws.vim
575.199  000.201  000.201: sourcing C:\Users\Adrian\.vim\plugged\vim-airline\autoload\airline\extensions\tabline\builder.vim
575.757  000.116  000.116: sourcing C:\Users\Adrian\.vim\plugged\vim-airline\autoload\airline\extensions\tabline\buflist.vim
578.560  000.098  000.098: sourcing C:\Users\Adrian\.vim\plugged\vim-airline\autoload\airline\extensions\tabline\formatters\unique_tail.vim
579.060  000.096  000.096: sourcing C:\Users\Adrian\.vim\plugged\vim-airline\autoload\airline\extensions\tabline\formatters\default.vim
582.644  008.690: first screen update
582.649  000.005: --- NVIM STARTED ---


times in msec
 clock   self+sourced   self:  sourced script
 clock   elapsed:              other lines

000.018  000.018: --- NVIM STARTING ---
010.097  010.079: locale set
010.668  000.571: inits 1
010.722  000.054: window checked
013.532  002.810: parsing arguments
013.598  000.066: expanding arguments
013.635  000.037: inits 2
015.900  002.265: init highlight
015.904  000.004: waiting for UI
016.822  000.918: done waiting for UI
016.835  000.013: init screen for UI
016.861  000.026: init default mappings
017.032  000.170: init default autocommands
026.515  008.220  008.220: sourcing C:\tools\neovim\Neovim\share\nvim\runtime\filetype.vim
026.811  000.080  000.080: sourcing C:\tools\neovim\Neovim\share\nvim\runtime\ftplugin.vim
027.316  000.123  000.123: sourcing C:\tools\neovim\Neovim\share\nvim\runtime\syntax\synload.vim
027.503  000.547  000.424: sourcing C:\tools\neovim\Neovim\share\nvim\runtime\syntax\syntax.vim
029.372  001.686  001.686: sourcing C:\Users\Adrian\AppData\Local\nvim-data\site\autoload\plug.vim
036.418  000.780  000.780: sourcing C:\tools\neovim\Neovim\share\nvim\runtime\ftoff.vim
047.379  008.311  008.311: sourcing C:\tools\neovim\Neovim\share\nvim\runtime\filetype.vim
047.812  000.041  000.041: sourcing C:\tools\neovim\Neovim\share\nvim\runtime\ftplugin.vim
048.282  000.086  000.086: sourcing C:\tools\neovim\Neovim\share\nvim\runtime\indent.vim
057.772  008.741  008.741: sourcing C:\Users\Adrian\.vim\plugged\sonokai\autoload\sonokai.vim
073.117  024.425  015.684: sourcing C:\Users\Adrian\.vim\plugged\sonokai\colors\sonokai.vim
080.510  063.236  019.059: sourcing C:\Users\Adrian\AppData\Local\nvim\init.vim
080.525  000.258: sourcing vimrc file(s)
081.559  000.064  000.064: sourcing C:\Users\Adrian\.vim\plugged\rust-tools.nvim\plugin\rust-tools.vim
081.990  000.112  000.112: sourcing C:\Users\Adrian\.vim\plugged\plenary.nvim\plugin\plenary.vim
083.056  000.742  000.742: sourcing C:\Users\Adrian\.vim\plugged\fzf\plugin\fzf.vim
084.207  000.169  000.169: sourcing C:\Users\Adrian\.vim\plugged\vim-airline\autoload\airline\init.vim
084.956  000.125  000.125: sourcing C:\Users\Adrian\.vim\plugged\vim-airline\autoload\airline\parts.vim
085.591  000.059  000.059: sourcing C:\Users\Adrian\.vim\plugged\vim-airline\autoload\airline\formatter\short_path.vim
087.854  000.205  000.205: sourcing C:\Users\Adrian\.vim\plugged\vim-airline\autoload\airline\util.vim
087.945  004.479  003.922: sourcing C:\Users\Adrian\.vim\plugged\vim-airline\plugin\airline.vim
089.919  000.352  000.352: sourcing C:\tools\neovim\Neovim\share\nvim\runtime\plugin\gzip.vim
090.106  000.060  000.060: sourcing C:\tools\neovim\Neovim\share\nvim\runtime\plugin\health.vim
090.395  000.121  000.121: sourcing C:\tools\neovim\Neovim\share\nvim\runtime\plugin\man.vim
092.326  000.408  000.408: sourcing C:\tools\neovim\Neovim\share\nvim\runtime\pack\dist\opt\matchit\plugin\matchit.vim
092.618  002.107  001.699: sourcing C:\tools\neovim\Neovim\share\nvim\runtime\plugin\matchit.vim
092.972  000.230  000.230: sourcing C:\tools\neovim\Neovim\share\nvim\runtime\plugin\matchparen.vim
093.717  000.622  000.622: sourcing C:\tools\neovim\Neovim\share\nvim\runtime\plugin\netrwPlugin.vim
094.303  000.445  000.445: sourcing C:\tools\neovim\Neovim\share\nvim\runtime\plugin\rplugin.vim
094.566  000.135  000.135: sourcing C:\tools\neovim\Neovim\share\nvim\runtime\plugin\shada.vim
094.767  000.074  000.074: sourcing C:\tools\neovim\Neovim\share\nvim\runtime\plugin\spellfile.vim
095.092  000.200  000.200: sourcing C:\tools\neovim\Neovim\share\nvim\runtime\plugin\tarPlugin.vim
095.402  000.185  000.185: sourcing C:\tools\neovim\Neovim\share\nvim\runtime\plugin\tohtml.vim
095.620  000.077  000.077: sourcing C:\tools\neovim\Neovim\share\nvim\runtime\plugin\tutor.vim
095.945  000.203  000.203: sourcing C:\tools\neovim\Neovim\share\nvim\runtime\plugin\zipPlugin.vim
098.621  002.252  002.252: sourcing C:\Users\Adrian\.vim\plugged\nvim-cmp\plugin\cmp.lua
100.000  007.016: loading rtp plugins
100.283  000.283: loading packages
101.135  000.373  000.373: sourcing C:\Users\Adrian\.vim\plugged\cmp-vsnip\after\plugin\cmp_vsnip.vim
102.323  000.491  000.491: sourcing C:\Users\Adrian\.vim\plugged\cmp-nvim-lsp\after\plugin\cmp_nvim_lsp.lua
103.271  000.452  000.452: sourcing C:\Users\Adrian\.vim\plugged\cmp-path\after\plugin\cmp_path.lua
104.654  001.028  001.028: sourcing C:\Users\Adrian\.vim\plugged\cmp-buffer\after\plugin\cmp_buffer.lua
104.666  002.039: loading after plugins
104.699  000.033: inits 3
106.503  001.804: reading ShaDa
108.314  000.096  000.096: sourcing C:\Users\Adrian\.vim\plugged\rust-tools.nvim\ftplugin\rust.vim
109.247  000.382  000.382: sourcing C:\tools\neovim\Neovim\share\nvim\runtime\ftplugin\rust.vim
112.417  000.586  000.586: sourcing C:\tools\neovim\Neovim\share\nvim\runtime\syntax\rust.vim
113.965  000.192  000.192: sourcing C:\tools\neovim\Neovim\share\nvim\runtime\indent\rust.vim
115.299  000.507  000.507: sourcing C:\Users\Adrian\.vim\plugged\vim-airline\autoload\airline\extensions.vim
115.874  000.228  000.228: sourcing C:\Users\Adrian\.vim\plugged\vim-airline\autoload\airline\extensions\tabline.vim
116.368  000.096  000.096: sourcing C:\Users\Adrian\.vim\plugged\vim-airline\autoload\airline\extensions\tabline\autoshow.vim
116.903  000.138  000.138: sourcing C:\Users\Adrian\.vim\plugged\vim-airline\autoload\airline\extensions\tabline\tabs.vim
117.483  000.223  000.223: sourcing C:\Users\Adrian\.vim\plugged\vim-airline\autoload\airline\extensions\tabline\buffers.vim
118.082  000.166  000.166: sourcing C:\Users\Adrian\.vim\plugged\vim-airline\autoload\airline\section.vim
118.768  000.276  000.276: sourcing C:\Users\Adrian\.vim\plugged\vim-airline\autoload\airline\highlighter.vim
121.772  000.227  000.227: sourcing C:\Users\Adrian\.vim\plugged\vim-airline\autoload\airline.vim
123.707  000.108  000.108: sourcing C:\Users\Adrian\.vim\plugged\vim-airline\autoload\airline\themes.vim
124.528  001.671  001.563: sourcing C:\Users\Adrian\.vim\plugged\sonokai\autoload\airline\themes\sonokai.vim
147.089  000.200  000.200: sourcing C:\Users\Adrian\.vim\plugged\vim-airline\autoload\airline\builder.vim
147.718  000.134  000.134: sourcing C:\Users\Adrian\.vim\plugged\vim-airline\autoload\airline\extensions\default.vim
192.124  080.501: opening buffers
192.165  000.041: BufEnter autocommands
192.169  000.004: editing files in windows
1367.142  1174.974: VimEnter autocommands
1367.149  000.007: UIEnter autocommands
1367.154  000.004: before starting main loop
1367.906  000.179  000.179: sourcing C:\Users\Adrian\.vim\plugged\vim-airline\autoload\airline\extensions\tabline\ctrlspace.vim
1368.411  000.156  000.156: sourcing C:\Users\Adrian\.vim\plugged\vim-airline\autoload\airline\extensions\tabline\tabws.vim
1369.200  000.198  000.198: sourcing C:\Users\Adrian\.vim\plugged\vim-airline\autoload\airline\extensions\tabline\builder.vim
1369.747  000.112  000.112: sourcing C:\Users\Adrian\.vim\plugged\vim-airline\autoload\airline\extensions\tabline\buflist.vim
1372.545  000.094  000.094: sourcing C:\Users\Adrian\.vim\plugged\vim-airline\autoload\airline\extensions\tabline\formatters\unique_tail.vim
1373.018  000.093  000.093: sourcing C:\Users\Adrian\.vim\plugged\vim-airline\autoload\airline\extensions\tabline\formatters\default.vim
1376.597  008.611: first screen update
1376.602  000.005: --- NVIM STARTED ---
